IQ-TREE multicore version 1.6.12 for Windows 64-bit built Aug 15 2019
Developed by Bui Quang Minh, Nguyen Lam Tung, Olga Chernomor,
Heiko Schmidt, Dominik Schrempf, Michael Woodhams.

Host:    LAPTOP-HPIM2IQN (AVX2, FMA3, 7 GB RAM)
Command: iqtree -s sporamin_in_if.fasta.phyi -bb 1000 -bnni -redo -nt AUTO
Seed:    968775 (Using SPRNG - Scalable Parallel Random Number Generator)
Time:    Wed Dec 18 20:04:02 2019
Kernel:  AVX+FMA - auto-detect threads (8 CPU cores detected)

Reading alignment file sporamin_in_if.fasta.phyi ... Phylip format detected
Alignment most likely contains protein sequences
Alignment has 51 sequences with 594 columns, 438 distinct patterns
221 parsimony-informative, 130 singleton sites, 243 constant sites
            Gap/Ambiguity  Composition  p-value
   1  if11g01938   66.67%    passed     88.68%
   2  if00g00490   67.00%    passed     74.43%
   3  if11g01944   67.00%    passed     79.99%
   4  if11g01942   67.00%    passed     72.19%
   5  if02g00136   64.81%    passed     85.59%
   6  if02g00459   64.81%    passed     85.54%
   7  if00g01303   56.06%    passed     22.41%
   8  if11g01934   50.17%    failed      0.00%
   9  if11g01908   64.14%    passed     87.54%
  10  if11g01941   65.32%    passed     98.53%
  11  if00g00520   69.70%    passed     95.64%
  12  if00g00522   63.30%    passed     14.72%
  13  if11g01940   66.16%    passed     42.35%
  14  if02g00462   65.15%    passed     13.83%
  15  if02g00461   63.97%    passed     12.40%
  16  if02g00460   62.96%    passed     19.15%
  17  if11g02028   63.97%    passed     98.32%
  18  if11g02025   61.78%    passed     57.07%
  19  if00g01071   66.16%    passed     64.60%
  20  if11g02030   66.16%    passed     61.61%
  21  if11g02029   65.82%    passed     91.87%
  22  if00g00202   65.66%    passed     95.61%
  23  if00g01070   65.66%    passed     98.41%
  24  if00g00201   65.82%    passed     98.68%
  25  if00g00204   65.82%    passed     81.77%
  26  if00g00203   65.82%    passed     81.13%
  27  if00g00205   65.99%    passed     89.68%
  28  if11g01928   65.82%    passed     77.87%
  29  if13g00533   65.82%    passed     82.06%
  30  if11g01930   62.63%    passed     90.47%
  31  if00g00518   70.54%    passed     67.95%
  32  if13g00534   56.73%    failed      3.85%
  33  if11g01927   66.50%    passed     75.25%
  34  if13g00530   71.04%    passed     62.24%
  35  if13g00535   64.81%    passed     73.14%
  36  if11g01929   64.98%    passed     82.91%
  37  if00g00519   64.98%    passed     74.45%
  38  if13g00532   64.98%    passed     79.06%
  39  if13g00531   65.66%    passed     99.81%
  40  if13g00529   65.82%    passed     99.66%
  41  if00g01741   69.53%    passed     83.57%
  42  if00g00577   33.84%    passed     68.30%
  43  if00g00576   43.60%    passed      9.08%
  44  if01g00210   64.48%    passed     97.45%
  45  if01g00205   64.98%    passed     77.37%
  46  if01g00219   63.13%    passed     40.94%
  47  if01g00217   63.13%    passed     49.43%
  48  if01g00214   63.30%    passed     90.55%
  49  if01g00216   63.13%    passed     58.80%
  50  if00g00572   64.14%    passed     65.19%
  51  if01g00200   64.65%    passed     29.52%
WARNING: 49 sequences contain more than 50% gaps/ambiguity
****  TOTAL        63.75%  2 sequences failed composition chi2 test (p-value<5%; df=19)


Create initial parsimony tree by phylogenetic likelihood library (PLL)... 0.020 seconds
NOTE: ModelFinder requires 38 MB RAM!
ModelFinder will test 546 protein models (sample size: 594) ...
 No. Model         -LnL         df  AIC          AICc         BIC
Measuring multi-threading efficiency up to 8 CPU cores
Increase to 10 rounds for branch lengths
97 trees examined
Threads: 1 / Time: 8.054 sec / Speedup: 1.000 / Efficiency: 100% / LogL: -20863
Threads: 2 / Time: 5.248 sec / Speedup: 1.535 / Efficiency: 77% / LogL: -20863
Threads: 3 / Time: 4.707 sec / Speedup: 1.711 / Efficiency: 57% / LogL: -20863
Threads: 4 / Time: 4.588 sec / Speedup: 1.755 / Efficiency: 44% / LogL: -20863
BEST NUMBER OF THREADS: 3

  1  Dayhoff       13423.366    99  27044.733    27084.814    27479.034
  2  Dayhoff+I     13400.153    100 27000.305    27041.279    27438.993
  3  Dayhoff+G4    13244.315    100 26688.631    26729.604    27127.319
  4  Dayhoff+I+G4  13239.480    101 26680.959    26722.837    27124.034
  5  Dayhoff+R2    13262.475    101 26726.950    26768.828    27170.025
  6  Dayhoff+R3    13241.956    103 26689.913    26733.635    27141.761
  7  Dayhoff+R4    13237.959    105 26685.918    26731.533    27146.541
 14  Dayhoff+F     13349.462    118 26934.924    26994.048    27452.575
 15  Dayhoff+F+I   13325.843    119 26889.686    26949.940    27411.725
 16  Dayhoff+F+G4  13167.475    119 26572.951    26633.204    27094.990
 17  Dayhoff+F+I+G4 13163.045    120 26566.091    26627.486    27092.516
 18  Dayhoff+F+R2  13186.495    120 26612.989    26674.385    27139.415
 19  Dayhoff+F+R3  13164.346    122 26572.692    26636.412    27107.891
 20  Dayhoff+F+R4  13160.632    124 26569.263    26635.361    27113.236
 27  mtMAM         14641.541    99  29481.082    29521.163    29915.383
 28  mtMAM+I       14577.474    100 29354.948    29395.922    29793.636
 29  mtMAM+G4      14034.397    100 28268.794    28309.768    28707.482
 30  mtMAM+I+G4    14033.868    101 28269.736    28311.614    28712.811
 31  mtMAM+R2      14167.772    101 28537.544    28579.422    28980.618
 32  mtMAM+R3      14058.140    103 28322.280    28366.003    28774.129
 33  mtMAM+R4      14037.774    105 28285.548    28331.162    28746.170
 34  mtMAM+R5      14019.311    107 28252.622    28300.177    28722.018
 35  mtMAM+R6      14017.056    109 28252.112    28301.658    28730.282
 40  mtMAM+F       13946.068    118 28128.137    28187.261    28645.788
 41  mtMAM+F+I     13881.201    119 28000.402    28060.655    28522.441
 42  mtMAM+F+G4    13551.931    119 27341.861    27402.115    27863.900
 43  mtMAM+F+I+G4  13545.549    120 27331.097    27392.493    27857.523
 44  mtMAM+F+R2    13601.220    120 27442.440    27503.836    27968.866
 45  mtMAM+F+R3    13557.568    122 27359.137    27422.856    27894.336
 46  mtMAM+F+R4    13538.251    124 27324.502    27390.600    27868.475
 47  mtMAM+F+R5    13533.015    126 27318.030    27386.561    27870.777
 53  JTT           13245.646    99  26689.292    26729.373    27123.593
 54  JTT+I         13209.803    100 26619.605    26660.579    27058.293
 55  JTT+G4        13056.477    100 26312.955    26353.928    26751.642
 56  JTT+I+G4      13050.576    101 26303.152    26345.030    26746.227
 57  JTT+R2        13069.124    101 26340.247    26382.125    26783.322
 58  JTT+R3        13050.220    103 26306.439    26350.162    26758.288
 59  JTT+R4        13044.601    105 26299.202    26344.816    26759.824
 66  JTT+F         13225.693    118 26687.385    26746.510    27205.037
 67  JTT+F+I       13189.285    119 26616.570    26676.823    27138.609
 68  JTT+F+G4      13039.073    119 26316.146    26376.399    26838.184
 69  JTT+F+I+G4    13033.081    120 26306.162    26367.557    26832.587
 70  JTT+F+R2      13050.925    120 26341.850    26403.246    26868.276
 71  JTT+F+R3      13031.763    122 26307.527    26371.246    26842.726
 72  JTT+F+R4      13025.686    124 26299.372    26365.470    26843.345
 79  WAG           13234.171    99  26666.342    26706.423    27100.643
 80  WAG+I         13202.539    100 26605.077    26646.051    27043.765
 81  WAG+G4        13074.367    100 26348.735    26389.708    26787.423
 82  WAG+I+G4      13069.000    101 26340.000    26381.878    26783.075
 83  WAG+R2        13089.865    101 26381.731    26423.609    26824.806
 84  WAG+R3        13066.616    103 26339.232    26382.955    26791.081
 85  WAG+R4        13063.345    105 26336.691    26382.305    26797.313
 92  WAG+F         13187.824    118 26611.649    26670.773    27129.301
 93  WAG+F+I       13154.761    119 26547.523    26607.776    27069.561
 94  WAG+F+G4      13029.000    119 26296.001    26356.254    26818.040
 95  WAG+F+I+G4    13023.261    120 26286.522    26347.917    26812.947
 96  WAG+F+R2      13043.807    120 26327.615    26389.010    26854.040
 97  WAG+F+R3      13020.095    122 26284.190    26347.910    26819.390
 98  WAG+F+R4      13016.200    124 26280.400    26346.498    26824.373
105  cpREV         13418.740    99  27035.480    27075.561    27469.781
106  cpREV+I       13360.079    100 26920.159    26961.132    27358.847
107  cpREV+G4      13208.593    100 26617.187    26658.160    27055.875
108  cpREV+I+G4    13194.642    101 26591.285    26633.163    27034.360
109  cpREV+R2      13232.741    101 26667.482    26709.360    27110.557
110  cpREV+R3      13200.711    103 26607.422    26651.145    27059.271
111  cpREV+R4      13193.040    105 26596.080    26641.695    27056.703
112  cpREV+R5      13192.006    107 26598.013    26645.568    27067.409
118  cpREV+F       13382.146    118 27000.292    27059.416    27517.943
119  cpREV+F+I     13320.274    119 26878.547    26938.800    27400.586
120  cpREV+F+G4    13180.069    119 26598.139    26658.392    27120.178
121  cpREV+F+I+G4  13164.142    120 26568.284    26629.680    27094.710
122  cpREV+F+R2    13205.113    120 26650.226    26711.621    27176.651
123  cpREV+F+R3    13171.990    122 26587.981    26651.701    27123.180
124  cpREV+F+R4    13164.044    124 26576.087    26642.185    27120.060
125  cpREV+F+R5    13162.868    126 26577.736    26646.267    27130.483
131  mtREV         14076.470    99  28350.941    28391.022    28785.242
132  mtREV+I       14032.236    100 28264.471    28305.445    28703.159
133  mtREV+G4      13747.323    100 27694.646    27735.619    28133.334
134  mtREV+I+G4    13742.852    101 27687.704    27729.582    28130.779
135  mtREV+R2      13783.591    101 27769.182    27811.060    28212.257
136  mtREV+R3      13744.310    103 27694.620    27738.343    28146.469
137  mtREV+R4      13728.761    105 27667.523    27713.138    28128.145
138  mtREV+R5      13728.082    107 27670.164    27717.719    28139.560
144  mtREV+F       13570.902    118 27377.804    27436.928    27895.456
145  mtREV+F+I     13524.390    119 27286.781    27347.034    27808.820
146  mtREV+F+G4    13332.546    119 26903.092    26963.345    27425.130
147  mtREV+F+I+G4  13324.487    120 26888.974    26950.369    27415.400
148  mtREV+F+R2    13357.614    120 26955.229    27016.624    27481.654
149  mtREV+F+R3    13329.871    122 26903.743    26967.463    27438.942
150  mtREV+F+R4    13315.027    124 26878.054    26944.152    27422.027
151  mtREV+F+R5    13314.106    126 26880.213    26948.744    27432.959
157  rtREV         13586.283    99  27370.567    27410.648    27804.868
158  rtREV+I       13516.671    100 27233.341    27274.315    27672.029
159  rtREV+G4      13351.298    100 26902.596    26943.569    27341.284
160  rtREV+I+G4    13336.241    101 26874.481    26916.359    27317.556
161  rtREV+R2      13377.960    101 26957.921    26999.799    27400.996
162  rtREV+R3      13339.047    103 26884.094    26927.817    27335.943
163  rtREV+R4      13329.315    105 26868.630    26914.245    27329.253
164  rtREV+R5      13328.507    107 26871.014    26918.570    27340.410
170  rtREV+F       13520.164    118 27276.327    27335.451    27793.979
171  rtREV+F+I     13445.461    119 27128.921    27189.175    27650.960
172  rtREV+F+G4    13286.815    119 26811.630    26871.883    27333.668
173  rtREV+F+I+G4  13269.877    120 26779.754    26841.150    27306.180
174  rtREV+F+R2    13310.396    120 26860.793    26922.188    27387.218
175  rtREV+F+R3    13274.060    122 26792.121    26855.841    27327.320
176  rtREV+F+R4    13262.642    124 26773.283    26839.381    27317.256
177  rtREV+F+R5    13261.970    126 26775.940    26844.471    27328.687
183  mtART         14793.365    99  29784.730    29824.811    30219.031
184  mtART+I       14676.767    100 29553.534    29594.507    29992.222
185  mtART+G4      14156.346    100 28512.693    28553.666    28951.381
186  mtART+I+G4    14147.253    101 28496.505    28538.383    28939.580
187  mtART+R2      14281.447    101 28764.895    28806.773    29207.970
188  mtART+R3      14171.740    103 28549.480    28593.202    29001.329
189  mtART+R4      14145.138    105 28500.277    28545.891    28960.899
190  mtART+R5      14144.503    107 28503.007    28550.562    28972.403
196  mtART+F       14211.931    118 28659.861    28718.986    29177.513
197  mtART+F+I     14107.747    119 28453.494    28513.747    28975.533
198  mtART+F+G4    13742.326    119 27722.652    27782.905    28244.691
199  mtART+F+I+G4  13726.716    120 27693.431    27754.826    28219.857
200  mtART+F+R2    13817.886    120 27875.772    27937.167    28402.197
201  mtART+F+R3    13747.401    122 27738.802    27802.522    28274.001
202  mtART+F+R4    13725.235    124 27698.470    27764.569    28242.443
203  mtART+F+R5    13724.988    126 27701.976    27770.507    28254.723
209  mtZOA         14357.512    99  28913.024    28953.105    29347.325
210  mtZOA+I       14255.757    100 28711.515    28752.488    29150.203
211  mtZOA+G4      13835.954    100 27871.908    27912.882    28310.596
212  mtZOA+I+G4    13825.215    101 27852.429    27894.308    28295.504
213  mtZOA+R2      13904.682    101 28011.365    28053.243    28454.440
214  mtZOA+R3      13832.118    103 27870.237    27913.959    28322.085
215  mtZOA+R4      13821.067    105 27852.134    27897.749    28312.756
216  mtZOA+R5      13819.305    107 27852.610    27900.166    28322.006
222  mtZOA+F       13917.096    118 28070.193    28129.317    28587.845
223  mtZOA+F+I     13824.821    119 27887.642    27947.895    28409.680
224  mtZOA+F+G4    13529.953    119 27297.906    27358.159    27819.945
225  mtZOA+F+I+G4  13513.694    120 27267.388    27328.784    27793.814
226  mtZOA+F+R2    13579.235    120 27398.470    27459.865    27924.896
227  mtZOA+F+R3    13531.044    122 27306.087    27369.807    27841.286
228  mtZOA+F+R4    13510.652    124 27269.304    27335.402    27813.277
229  mtZOA+F+R5    13509.751    126 27271.502    27340.033    27824.249
235  VT            13233.374    99  26664.749    26704.830    27099.050
236  VT+I          13189.699    100 26579.397    26620.371    27018.085
237  VT+G4         13070.302    100 26340.605    26381.578    26779.293
238  VT+I+G4       13061.223    101 26324.446    26366.324    26767.521
239  VT+R2         13081.498    101 26364.995    26406.873    26808.070
240  VT+R3         13058.862    103 26323.724    26367.446    26775.572
241  VT+R4         13053.142    105 26316.285    26361.899    26776.907
248  VT+F          13222.538    118 26681.076    26740.200    27198.728
249  VT+F+I        13177.676    119 26593.353    26653.606    27115.391
250  VT+F+G4       13064.590    119 26367.181    26427.434    26889.219
251  VT+F+I+G4     13054.738    120 26349.477    26410.872    26875.902
252  VT+F+R2       13074.408    120 26388.816    26450.211    26915.241
253  VT+F+R3       13051.842    122 26347.684    26411.403    26882.883
254  VT+F+R4       13046.896    124 26341.793    26407.891    26885.766
261  LG            13462.341    99  27122.683    27162.764    27556.984
262  LG+I          13404.248    100 27008.496    27049.470    27447.184
263  LG+G4         13230.354    100 26660.708    26701.681    27099.396
264  LG+I+G4       13219.569    101 26641.139    26683.017    27084.214
265  LG+R2         13254.581    101 26711.161    26753.039    27154.236
266  LG+R3         13222.706    103 26651.411    26695.134    27103.260
267  LG+R4         13211.656    105 26633.311    26678.926    27093.933
268  LG+R5         13211.596    107 26637.191    26684.747    27106.587
274  LG+F          13424.189    118 27084.378    27143.502    27602.030
275  LG+F+I        13361.905    119 26961.809    27022.062    27483.848
276  LG+F+G4       13193.202    119 26624.404    26684.657    27146.443
277  LG+F+I+G4     13180.577    120 26601.154    26662.549    27127.579
278  LG+F+R2       13214.765    120 26669.531    26730.926    27195.956
279  LG+F+R3       13185.060    122 26614.120    26677.840    27149.319
280  LG+F+R4       13172.977    124 26593.953    26660.051    27137.926
281  LG+F+R5       13172.958    126 26597.917    26666.448    27150.663
287  DCMut         13421.645    99  27041.291    27081.372    27475.592
288  DCMut+I       13398.461    100 26996.923    27037.896    27435.611
289  DCMut+G4      13243.390    100 26686.780    26727.753    27125.468
290  DCMut+I+G4    13238.547    101 26679.093    26720.971    27122.168
291  DCMut+R2      13261.302    101 26724.604    26766.482    27167.679
292  DCMut+R3      13241.198    103 26688.395    26732.117    27140.244
293  DCMut+R4      13235.009    105 26680.018    26725.633    27140.641
300  DCMut+F       13347.776    118 26931.551    26990.675    27449.203
301  DCMut+F+I     13324.207    119 26886.415    26946.668    27408.453
302  DCMut+F+G4    13166.571    119 26571.141    26631.394    27093.180
303  DCMut+F+I+G4  13162.145    120 26564.290    26625.685    27090.715
304  DCMut+F+R2    13185.287    120 26610.575    26671.970    27137.000
305  DCMut+F+R3    13163.473    122 26570.947    26634.667    27106.146
306  DCMut+F+R4    13157.250    124 26562.500    26628.598    27106.473
313  PMB           13345.552    99  26889.104    26929.185    27323.405
314  PMB+I         13310.813    100 26821.626    26862.599    27260.313
315  PMB+G4        13187.679    100 26575.358    26616.332    27014.046
316  PMB+I+G4      13181.893    101 26565.785    26607.664    27008.860
317  PMB+R2        13194.209    101 26590.418    26632.296    27033.493
318  PMB+R3        13174.919    103 26555.838    26599.560    27007.686
319  PMB+R4        13169.087    105 26548.174    26593.789    27008.797
326  PMB+F         13293.212    118 26822.424    26881.548    27340.076
327  PMB+F+I       13256.981    119 26751.963    26812.216    27274.001
328  PMB+F+G4      13139.880    119 26517.761    26578.014    27039.799
329  PMB+F+I+G4    13133.317    120 26506.633    26568.029    27033.059
330  PMB+F+R2      13146.528    120 26533.056    26594.452    27059.482
331  PMB+F+R3      13127.186    122 26498.371    26562.091    27033.571
332  PMB+F+R4      13121.329    124 26490.658    26556.756    27034.631
339  HIVb          13606.865    99  27411.729    27451.810    27846.030
340  HIVb+I        13567.722    100 27335.443    27376.417    27774.131
341  HIVb+G4       13342.906    100 26885.812    26926.786    27324.500
342  HIVb+I+G4     13338.289    101 26878.579    26920.457    27321.653
343  HIVb+R2       13371.461    101 26944.923    26986.801    27387.997
344  HIVb+R3       13342.470    103 26890.941    26934.663    27342.789
345  HIVb+R4       13329.402    105 26868.805    26914.420    27329.427
346  HIVb+R5       13329.041    107 26872.083    26919.638    27341.479
352  HIVb+F        13507.733    118 27251.466    27310.590    27769.118
353  HIVb+F+I      13457.099    119 27152.198    27212.451    27674.237
354  HIVb+F+G4     13243.428    119 26724.856    26785.109    27246.895
355  HIVb+F+I+G4   13235.061    120 26710.123    26771.518    27236.548
356  HIVb+F+R2     13271.052    120 26782.104    26843.499    27308.529
357  HIVb+F+R3     13241.518    122 26727.036    26790.756    27262.236
358  HIVb+F+R4     13222.911    124 26693.823    26759.921    27237.796
359  HIVb+F+R5     13221.688    126 26695.375    26763.906    27248.122
365  HIVw          13861.237    99  27920.474    27960.555    28354.775
366  HIVw+I        13831.742    100 27863.483    27904.457    28302.171
367  HIVw+G4       13574.434    100 27348.867    27389.841    27787.555
368  HIVw+I+G4     13569.929    101 27341.858    27383.737    27784.933
369  HIVw+R2       13608.796    101 27419.593    27461.471    27862.667
370  HIVw+R3       13576.865    103 27359.731    27403.453    27811.579
371  HIVw+R4       13564.908    105 27339.816    27385.431    27800.438
372  HIVw+R5       13564.837    107 27343.675    27391.231    27813.071
378  HIVw+F        13586.983    118 27409.966    27469.090    27927.617
379  HIVw+F+I      13563.132    119 27364.264    27424.517    27886.302
380  HIVw+F+G4     13327.493    119 26892.987    26953.240    27415.026
381  HIVw+F+I+G4   13324.427    120 26888.853    26950.249    27415.279
382  HIVw+F+R2     13355.536    120 26951.071    27012.467    27477.497
383  HIVw+F+R3     13328.853    122 26901.706    26965.425    27436.905
384  HIVw+F+R4     13317.174    124 26882.347    26948.445    27426.320
385  HIVw+F+R5     13317.115    126 26886.231    26954.762    27438.978
391  JTTDCMut      13245.350    99  26688.699    26728.780    27123.000
392  JTTDCMut+I    13210.274    100 26620.547    26661.521    27059.235
393  JTTDCMut+G4   13059.156    100 26318.311    26359.285    26756.999
394  JTTDCMut+I+G4 13053.353    101 26308.706    26350.584    26751.781
395  JTTDCMut+R2   13072.075    101 26346.149    26388.027    26789.224
396  JTTDCMut+R3   13053.961    103 26313.923    26357.645    26765.771
397  JTTDCMut+R4   13048.809    105 26307.619    26353.234    26768.241
404  JTTDCMut+F    13224.609    118 26685.219    26744.343    27202.871
405  JTTDCMut+F+I  13189.202    119 26616.403    26676.657    27138.442
406  JTTDCMut+F+G4 13040.204    119 26318.408    26378.661    26840.447
407  JTTDCMut+F+I+G4 13034.430    120 26308.861    26370.256    26835.286
408  JTTDCMut+F+R2 13052.465    120 26344.929    26406.325    26871.355
409  JTTDCMut+F+R3 13034.566    122 26313.133    26376.853    26848.332
410  JTTDCMut+F+R4 13027.895    124 26303.789    26369.888    26847.762
411  JTTDCMut+F+R5 13027.834    126 26307.668    26376.199    26860.415
417  FLU           13484.604    99  27167.208    27207.289    27601.509
418  FLU+I         13463.090    100 27126.180    27167.154    27564.868
419  FLU+G4        13224.828    100 26649.655    26690.629    27088.343
420  FLU+I+G4      13222.402    101 26646.805    26688.683    27089.880
421  FLU+R2        13251.678    101 26705.357    26747.235    27148.431
422  FLU+R3        13221.247    103 26648.495    26692.217    27100.343
423  FLU+R4        13216.046    105 26642.092    26687.707    27102.714
430  FLU+F         13363.047    118 26962.094    27021.218    27479.746
431  FLU+F+I       13343.854    119 26925.707    26985.961    27447.746
432  FLU+F+G4      13114.625    119 26467.249    26527.502    26989.288
433  FLU+F+I+G4    13113.022    120 26466.043    26527.439    26992.469
434  FLU+F+R2      13138.725    120 26517.449    26578.845    27043.875
435  FLU+F+R3      13110.474    122 26464.947    26528.667    27000.146
436  FLU+F+R4      13105.887    124 26459.774    26525.872    27003.747
443  Blosum62      13395.130    99  26988.260    27028.341    27422.561
444  Blosum62+I    13357.714    100 26915.427    26956.401    27354.115
445  Blosum62+G4   13228.450    100 26656.899    26697.873    27095.587
446  Blosum62+I+G4 13222.275    101 26646.550    26688.428    27089.625
447  Blosum62+R2   13243.934    101 26689.869    26731.747    27132.944
448  Blosum62+R3   13216.417    103 26638.833    26682.555    27090.682
449  Blosum62+R4   13213.046    105 26636.092    26681.707    27096.714
456  Blosum62+F    13320.472    118 26876.944    26936.068    27394.596
457  Blosum62+F+I  13281.048    119 26800.096    26860.349    27322.135
458  Blosum62+F+G4 13160.628    119 26559.256    26619.509    27081.295
459  Blosum62+F+I+G4 13153.280    120 26546.560    26607.955    27072.985
460  Blosum62+F+R2 13174.905    120 26589.809    26651.205    27116.235
461  Blosum62+F+R3 13148.429    122 26540.858    26604.578    27076.058
462  Blosum62+F+R4 13144.692    124 26537.384    26603.482    27081.357
469  mtMet         14191.706    99  28581.412    28621.493    29015.713
470  mtMet+I       14119.369    100 28438.739    28479.712    28877.427
471  mtMet+G4      13773.341    100 27746.682    27787.656    28185.370
472  mtMet+I+G4    13765.555    101 27733.109    27774.987    28176.184
473  mtMet+R2      13827.551    101 27857.102    27898.980    28300.177
474  mtMet+R3      13761.312    103 27728.624    27772.346    28180.473
475  mtMet+R4      13754.449    105 27718.897    27764.512    28179.519
476  mtMet+R5      13752.025    107 27718.050    27765.605    28187.446
482  mtMet+F       13622.159    118 27480.318    27539.442    27997.969
483  mtMet+F+I     13549.933    119 27337.867    27398.120    27859.905
484  mtMet+F+G4    13312.881    119 26863.762    26924.016    27385.801
485  mtMet+F+I+G4  13300.585    120 26841.170    26902.566    27367.596
486  mtMet+F+R2    13341.328    120 26922.656    26984.052    27449.082
487  mtMet+F+R3    13309.310    122 26862.620    26926.339    27397.819
488  mtMet+F+R4    13294.768    124 26837.536    26903.635    27381.509
489  mtMet+F+R5    13292.947    126 26837.895    26906.426    27390.642
495  mtVer         14282.675    99  28763.351    28803.432    29197.652
496  mtVer+I       14215.320    100 28630.640    28671.614    29069.328
497  mtVer+G4      13795.742    100 27791.484    27832.458    28230.172
498  mtVer+I+G4    13791.999    101 27785.998    27827.876    28229.072
499  mtVer+R2      13855.087    101 27912.174    27954.052    28355.249
500  mtVer+R3      13785.323    103 27776.645    27820.368    28228.494
501  mtVer+R4      13777.488    105 27764.976    27810.591    28225.599
502  mtVer+R5      13774.457    107 27762.914    27810.470    28232.310
508  mtVer+F       13746.536    118 27729.071    27788.195    28246.723
509  mtVer+F+I     13663.164    119 27564.327    27624.580    28086.366
510  mtVer+F+G4    13403.089    119 27044.178    27104.432    27566.217
511  mtVer+F+I+G4  13389.591    120 27019.182    27080.577    27545.607
512  mtVer+F+R2    13435.826    120 27111.652    27173.047    27638.077
513  mtVer+F+R3    13402.845    122 27049.689    27113.409    27584.888
514  mtVer+F+R4    13381.390    124 27010.780    27076.878    27554.753
515  mtVer+F+R5    13379.929    126 27011.857    27080.388    27564.604
521  mtInv         14276.562    99  28751.124    28791.205    29185.425
522  mtInv+I       14202.081    100 28604.161    28645.135    29042.849
523  mtInv+G4      13911.597    100 28023.194    28064.168    28461.882
524  mtInv+I+G4    13901.134    101 28004.269    28046.147    28447.343
525  mtInv+R2      13946.268    101 28094.535    28136.413    28537.610
526  mtInv+R3      13899.715    103 28005.430    28049.152    28457.278
527  mtInv+R4      13887.169    105 27984.338    28029.953    28444.960
528  mtInv+R5      13887.032    107 27988.065    28035.620    28457.461
534  mtInv+F       13560.441    118 27356.881    27416.005    27874.533
535  mtInv+F+I     13489.778    119 27217.557    27277.810    27739.595
536  mtInv+F+G4    13286.530    119 26811.061    26871.314    27333.099
537  mtInv+F+I+G4  13272.613    120 26785.226    26846.621    27311.652
538  mtInv+F+R2    13313.567    120 26867.133    26928.529    27393.559
539  mtInv+F+R3    13282.587    122 26809.174    26872.893    27344.373
540  mtInv+F+R4    13267.252    124 26782.504    26848.602    27326.477
541  mtInv+F+R5    13267.164    126 26786.327    26854.858    27339.074
Akaike Information Criterion:           WAG+F+R4
Corrected Akaike Information Criterion: JTT+R4
Bayesian Information Criterion:         JTT+I+G4
Best-fit model: JTT+I+G4 chosen according to BIC

All model information printed to sporamin_in_if.fasta.phyi.model.gz
CPU time for ModelFinder: 568.516 seconds (0h:9m:28s)
Wall-clock time for ModelFinder: 202.489 seconds (0h:3m:22s)
Generating 1000 samples for ultrafast bootstrap (seed: 968775)...

NOTE: 16 MB RAM (0 GB) is required!
Measuring multi-threading efficiency up to 8 CPU cores
Increase to 10 rounds for branch lengths
23 trees examined
Threads: 1 / Time: 8.305 sec / Speedup: 1.000 / Efficiency: 100% / LogL: -19986
Threads: 2 / Time: 5.206 sec / Speedup: 1.595 / Efficiency: 80% / LogL: -19986
Threads: 3 / Time: 4.801 sec / Speedup: 1.730 / Efficiency: 58% / LogL: -19986
Threads: 4 / Time: 4.633 sec / Speedup: 1.792 / Efficiency: 45% / LogL: -19986
BEST NUMBER OF THREADS: 3

Estimate model parameters (epsilon = 0.100)
Thoroughly optimizing +I+G parameters from 10 start values...
Init pinv, alpha: 0.000, 1.000 / Estimate: 0.017, 2.517 / LogL: -13050.591
Init pinv, alpha: 0.045, 1.000 / Estimate: 0.021, 2.534 / LogL: -13050.584
Init pinv, alpha: 0.091, 1.000 / Estimate: 0.021, 2.541 / LogL: -13050.592
Init pinv, alpha: 0.136, 1.000 / Estimate: 0.022, 2.544 / LogL: -13050.615
Init pinv, alpha: 0.182, 1.000 / Estimate: 0.021, 2.542 / LogL: -13050.594
Init pinv, alpha: 0.227, 1.000 / Estimate: 0.022, 2.543 / LogL: -13050.603
Init pinv, alpha: 0.273, 1.000 / Estimate: 0.022, 2.544 / LogL: -13050.613
Init pinv, alpha: 0.318, 1.000 / Estimate: 0.021, 2.540 / LogL: -13050.588
Init pinv, alpha: 0.364, 1.000 / Estimate: 0.021, 2.541 / LogL: -13050.592
Init pinv, alpha: 0.409, 1.000 / Estimate: 0.022, 2.541 / LogL: -13050.596
Optimal pinv,alpha: 0.021, 2.534 / LogL: -13050.584

Parameters optimization took 8.023 sec
Computing ML distances based on estimated model parameters... 0.969 sec
Computing BIONJ tree...
0.012 seconds
Log-likelihood of BIONJ tree: -13043.984
--------------------------------------------------------------------
|             INITIALIZING CANDIDATE TREE SET                      |
--------------------------------------------------------------------
Generating 98 parsimony trees... 1.608 second
Computing log-likelihood of 98 initial trees ... 5.578 seconds
Current best score: -13041.594

Do NNI search on 20 best initial trees
Estimate model parameters (epsilon = 0.100)
BETTER TREE FOUND at iteration 1: -13031.338
Estimate model parameters (epsilon = 0.100)
BETTER TREE FOUND at iteration 2: -13030.691
Estimate model parameters (epsilon = 0.100)
UPDATE BEST LOG-LIKELIHOOD: -13030.674
UPDATE BEST LOG-LIKELIHOOD: -13030.674
Iteration 10 / LogL: -13031.332 / Time: 0h:0m:44s
UPDATE BEST LOG-LIKELIHOOD: -13030.674
Iteration 20 / LogL: -13030.674 / Time: 0h:0m:49s
Finish initializing candidate tree set (5)
Current best tree score: -13030.674 / CPU time: 17.775
Number of iterations: 20
--------------------------------------------------------------------
|               OPTIMIZING CANDIDATE TREE SET                      |
--------------------------------------------------------------------
Iteration 30 / LogL: -13031.333 / Time: 0h:0m:55s (0h:2m:18s left)
Iteration 40 / LogL: -13030.718 / Time: 0h:1m:1s (0h:1m:38s left)
UPDATE BEST LOG-LIKELIHOOD: -13030.674
Iteration 50 / LogL: -13030.705 / Time: 0h:1m:8s (0h:1m:12s left)
Iteration 60 / LogL: -13031.766 / Time: 0h:1m:14s (0h:0m:53s left)
Iteration 70 / LogL: -13030.674 / Time: 0h:1m:20s (0h:0m:37s left)
Iteration 80 / LogL: -13030.705 / Time: 0h:1m:26s (0h:0m:24s left)
Iteration 90 / LogL: -13031.461 / Time: 0h:1m:33s (0h:0m:12s left)
UPDATE BEST LOG-LIKELIHOOD: -13030.674
Iteration 100 / LogL: -13042.946 / Time: 0h:1m:40s (0h:0m:2s left)
Refining ufboot trees with NNI 1 branch...
100 samples done
200 samples done
300 samples done
400 samples done
500 samples done
600 samples done
700 samples done
800 samples done
900 samples done
1000 samples done
Total 985 ufboot trees refined
TREE SEARCH COMPLETED AFTER 103 ITERATIONS / Time: 0h:3m:47s

--------------------------------------------------------------------
|                    FINALIZING TREE SEARCH                        |
--------------------------------------------------------------------
Performs final model parameters optimization
Estimate model parameters (epsilon = 0.010)
1. Initial log-likelihood: -13030.674
Optimal log-likelihood: -13030.673
Proportion of invariable sites: 0.019
Gamma shape alpha: 2.552
Parameters optimization took 1 rounds (0.083 sec)
BEST SCORE FOUND : -13030.673
Creating bootstrap support values...
Split supports printed to NEXUS file sporamin_in_if.fasta.phyi.splits.nex
Total tree length: 18.034

Total number of iterations: 103
CPU time used for tree search: 555.188 sec (0h:9m:15s)
Wall-clock time used for tree search: 195.668 sec (0h:3m:15s)
Total CPU time used: 632.641 sec (0h:10m:32s)
Total wall-clock time used: 227.770 sec (0h:3m:47s)
UFBoot trees printed to sporamin_in_if.fasta.phyi.ufboot

Computing bootstrap consensus tree...
Reading input file sporamin_in_if.fasta.phyi.splits.nex...
51 taxa and 231 splits.
Consensus tree written to sporamin_in_if.fasta.phyi.contree
Reading input trees file sporamin_in_if.fasta.phyi.contree
Log-likelihood of consensus tree: -13032.019

Analysis results written to: 
  IQ-TREE report:                sporamin_in_if.fasta.phyi.iqtree
  Maximum-likelihood tree:       sporamin_in_if.fasta.phyi.treefile
  Likelihood distances:          sporamin_in_if.fasta.phyi.mldist

Ultrafast bootstrap approximation results written to:
  Split support values:          sporamin_in_if.fasta.phyi.splits.nex
  Consensus tree:                sporamin_in_if.fasta.phyi.contree
  UFBoot trees:                  sporamin_in_if.fasta.phyi.ufboot
  Screen log file:               sporamin_in_if.fasta.phyi.log

Date and Time: Wed Dec 18 20:11:14 2019
